\BOOKMARK [0][-]{chapter.1}{序論}{}% 1
\BOOKMARK [1][-]{section.1.1}{研究背景}{chapter.1}% 2
\BOOKMARK [1][-]{section.1.2}{本研究の目的}{chapter.1}% 3
\BOOKMARK [1][-]{section.1.3}{本論文の構成}{chapter.1}% 4
\BOOKMARK [0][-]{chapter.2}{形状認識と位置・姿勢計測}{}% 5
\BOOKMARK [1][-]{section.2.1}{形状認識・位置・姿勢計測での基本方針}{chapter.2}% 6
\BOOKMARK [1][-]{section.2.2}{反射音圧分布の特徴}{chapter.2}% 7
\BOOKMARK [0][-]{chapter.3}{ニューラルネットワークによる認識・計測}{}% 8
\BOOKMARK [1][-]{section.3.1}{パーセプトロン}{chapter.3}% 9
\BOOKMARK [1][-]{section.3.2}{ニューラルネットワーク}{chapter.3}% 10
\BOOKMARK [1][-]{section.3.3}{ニューラルネットワークの学習}{chapter.3}% 11
\BOOKMARK [1][-]{section.3.4}{学習を効果的に行うため}{chapter.3}% 12
\BOOKMARK [0][-]{chapter.4}{畳み込みニューラルネットワーク}{}% 13
\BOOKMARK [1][-]{section.4.1}{全結合層の問題点}{chapter.4}% 14
\BOOKMARK [1][-]{section.4.2}{畳み込みニューラルネットワークの構成}{chapter.4}% 15
\BOOKMARK [1][-]{section.4.3}{畳み込み層}{chapter.4}% 16
\BOOKMARK [1][-]{section.4.4}{プーリング層}{chapter.4}% 17
\BOOKMARK [0][-]{chapter.5}{境界要素法}{}% 18
\BOOKMARK [1][-]{section.5.1}{境界要素法とは}{chapter.5}% 19
\BOOKMARK [1][-]{section.5.2}{基礎積分方程式}{chapter.5}% 20
\BOOKMARK [1][-]{section.5.3}{離散化}{chapter.5}% 21
\BOOKMARK [1][-]{section.5.4}{境界積分}{chapter.5}% 22
\BOOKMARK [1][-]{section.5.5}{シミュレーション構成}{chapter.5}% 23
\BOOKMARK [0][-]{chapter.6}{シミュレーションによるシステム構成の検討}{}% 24
\BOOKMARK [1][-]{section.6.1}{MLPとCNNの構成ごとの比較}{chapter.6}% 25
\BOOKMARK [1][-]{section.6.2}{学習データが限られた場合の構成ごとの比較}{chapter.6}% 26
\BOOKMARK [1][-]{section.6.3}{センサアレイ間隔ごとの精度の違い}{chapter.6}% 27
\BOOKMARK [1][-]{section.6.4}{センサアレイ補間による計測精度の違い}{chapter.6}% 28
\BOOKMARK [1][-]{section.6.5}{TOFの利用}{chapter.6}% 29
\BOOKMARK [0][-]{appendix.A}{おまけ1}{}% 30
\BOOKMARK [0][-]{appendix.B}{おまけ2}{}% 31
\BOOKMARK [0][-]{appendix*.16}{謝辞}{}% 32
\BOOKMARK [0][-]{appendix*.17}{参考文献}{}% 33
\BOOKMARK [0][-]{appendix*.18}{研究業績一覧}{}% 34
